生成启动时间为 2014/7/20 21:26:34。
     1>项目“C:\cocos2d-x-2.2.2\projects\Task4\proj.win32\Task4.vcxproj”在节点 2 上(Build 个目标)。
     1>ClCompile:
         C:\Program Files (x86)\Microsoft Visual Studio 11.0\VC\bin\CL.exe /c /I"C:\cocos2d-x-2.2.2\projects\Task4\proj.win32\..\..\..\cocos2dx" /I"C:\cocos2d-x-2.2.2\projects\Task4\proj.win32\..\..\..\cocos2dx\include" /I"C:\cocos2d-x-2.2.2\projects\Task4\proj.win32\..\..\..\cocos2dx\kazmath\include" /I"C:\cocos2d-x-2.2.2\projects\Task4\proj.win32\..\..\..\cocos2dx\platform\win32" /I"C:\cocos2d-x-2.2.2\projects\Task4\proj.win32\..\..\..\cocos2dx\platform\third_party\win32" /I"C:\cocos2d-x-2.2.2\projects\Task4\proj.win32\..\..\..\cocos2dx\platform\third_party\win32\OGLES" /I"C:\cocos2d-x-2.2.2\projects\Task4\proj.win32\..\..\..\external" /I"C:\cocos2d-x-2.2.2\projects\Task4\proj.win32\..\..\..\external\chipmunk\include\chipmunk" /I"C:\cocos2d-x-2.2.2\projects\Task4\proj.win32\..\..\..\CocosDenshion\include" /I"C:\cocos2d-x-2.2.2\projects\Task4\proj.win32\..\..\..\extensions" /I..\Classes /I.. /ZI /nologo /W3 /WX- /Od /Oy- /D WIN32 /D _DEBUG /D _WINDOWS /D _USE_MATH_DEFINES /D GL_GLEXT_PROTOTYPES /D CC_ENABLE_CHIPMUNK_INTEGRATION=1 /D COCOS2D_DEBUG=1 /D _CRT_SECURE_NO_WARNINGS /D _SCL_SECURE_NO_WARNINGS /D _UNICODE /D UNICODE /Gm /EHsc /RTC1 /MDd /GS /fp:precise /Zc:wchar_t /Zc:forScope /Fo"Debug.win32\\" /Fd"Debug.win32\vc110.pdb" /Gd /TP /wd4267 /wd4251 /wd4244 /analyze- /errorReport:prompt ..\Classes\Game_easy.cpp
         Game_easy.cpp
     1>c:\cocos2d-x-2.2.2\projects\task4\classes\game_easy.cpp(140): warning C4996: 'itoa': The POSIX name for this item is deprecated. Instead, use the ISO C++ conformant name: _itoa. See online help for details.
                 c:\program files (x86)\microsoft visual studio 11.0\vc\include\stdlib.h(909) : 参见“itoa”的声明
       PreLinkEvent:
         if not exist "C:\cocos2d-x-2.2.2\projects\Task4\proj.win32\Debug.win32\" mkdir "C:\cocos2d-x-2.2.2\projects\Task4\proj.win32\Debug.win32\"
         xcopy /Y /Q "C:\cocos2d-x-2.2.2\projects\Task4\proj.win32\..\..\..\external\libwebsockets\win32\lib\*.*" "C:\cocos2d-x-2.2.2\projects\Task4\proj.win32\Debug.win32\"
         :VCEnd
         复制了 2 个文件
       Link:
         C:\Program Files (x86)\Microsoft Visual Studio 11.0\VC\bin\link.exe /ERRORREPORT:PROMPT /OUT:"C:\cocos2d-x-2.2.2\projects\Task4\proj.win32\Debug.win32\Task4.exe" /INCREMENTAL /NOLOGO /LIBPATH:"C:\cocos2d-x-2.2.2\projects\Task4\proj.win32\Debug.win32\\" libExtensions.lib libcocos2d.lib libCocosDenshion.lib opengl32.lib glew32.lib libBox2d.lib libchipmunk.lib libcurl_imp.lib pthreadVCE2.lib websockets.lib kernel32.lib user32.lib gdi32.lib winspool.lib comdlg32.lib advapi32.lib shell32.lib ole32.lib oleaut32.lib uuid.lib odbc32.lib odbccp32.lib /MANIFEST /MANIFESTUAC:"level='asInvoker' uiAccess='false'" /manifest:embed /DEBUG /PDB:"C:\cocos2d-x-2.2.2\projects\Task4\proj.win32\Debug.win32\Task4.pdb" /SUBSYSTEM:WINDOWS /TLBID:1 /DYNAMICBASE /NXCOMPAT /IMPLIB:"C:\cocos2d-x-2.2.2\projects\Task4\proj.win32\Debug.win32\Task4.lib" /MACHINE:X86 /SAFESEH Debug.win32\AboutScene.obj
         Debug.win32\AppDelegate.obj
         Debug.win32\Game_easy.obj
         Debug.win32\Global.obj
         Debug.win32\HelloWorldScene.obj
         Debug.win32\Lose.obj
         Debug.win32\OptionScene.obj
         Debug.win32\Victory.obj
         Debug.win32\main.obj
         "C:\cocos2d-x-2.2.2\projects\Task4\proj.win32\Debug.win32\libcocos2d.lib"
         "C:\cocos2d-x-2.2.2\projects\Task4\proj.win32\Debug.win32\libCocosDenshion.lib"
         "C:\cocos2d-x-2.2.2\projects\Task4\proj.win32\Debug.win32\libExtensions.lib"
         "C:\cocos2d-x-2.2.2\projects\Task4\proj.win32\Debug.win32\libBox2D.lib"
         "C:\cocos2d-x-2.2.2\projects\Task4\proj.win32\Debug.win32\libchipmunk.lib"
         Task4.vcxproj -> C:\cocos2d-x-2.2.2\projects\Task4\proj.win32\Debug.win32\Task4.exe
     1>已完成生成项目“C:\cocos2d-x-2.2.2\projects\Task4\proj.win32\Task4.vcxproj”(Build 个目标)的操作。

生成成功。

已用时间 00:00:04.17
